<?xml version="1.0" encoding="UTF-8"?>
<testng-results ignored="0" total="1" passed="1" failed="0" skipped="0">
  <reporter-output>
  </reporter-output>
  <suite started-at="2025-05-28T02:46:57 IST" name="Default Suite" finished-at="2025-05-28T02:47:59 IST" duration-ms="62838">
    <groups>
    </groups>
    <test started-at="2025-05-28T02:46:57 IST" name="Ottplay" finished-at="2025-05-28T02:47:59 IST" duration-ms="62838">
      <class name="LoginTest">
        <test-method is-config="true" signature="browserLaunch(java.lang.reflect.Method)[pri:0, instance:LoginTest@babafc2]" started-at="2025-05-28T02:46:57 IST" name="browserLaunch" finished-at="2025-05-28T02:47:18 IST" duration-ms="21725" status="PASS">
          <params>
            <param index="0">
              <value>
                <![CDATA[public void LoginTest.verifyLoginRegisterCTA()]]>
              </value>
            </param>
          </params>
          <reporter-output>
          </reporter-output>
        </test-method> <!-- browserLaunch -->
        <test-method signature="verifyLoginRegisterCTA()[pri:0, instance:LoginTest@babafc2]" started-at="2025-05-28T02:47:18 IST" name="verifyLoginRegisterCTA" finished-at="2025-05-28T02:47:59 IST" duration-ms="41071" status="PASS">
          <reporter-output>
          </reporter-output>
        </test-method> <!-- verifyLoginRegisterCTA -->
      </class> <!-- LoginTest -->
    </test> <!-- Ottplay -->
  </suite> <!-- Default Suite -->
</testng-results>
